<?xml version="1.0" encoding="UTF-8"?>
<testsuite xmlns:xsi="http://www.w3.org/2001/XMLSchema-instance" xsi:noNamespaceSchemaLocation="https://maven.apache.org/surefire/maven-surefire-plugin/xsd/surefire-test-report.xsd" name="ir.jimbo.crawler.RedisConnectionTest" time="0.006" tests="2" errors="0" skipped="0" failures="0">
  <properties>
[...]
</properties>
  <testcase name="addDomainInDb" classname="ir.jimbo.crawler.RedisConnectionTest" time="0"/>
  <testcase name="existsDomainInDB" classname="ir.jimbo.crawler.RedisConnectionTest" time="0.001"/>
</testsuite>